   1              		.file	"uart1ISR.c"
   2              		.text
   3              	.Ltext0:
   4              		.cfi_sections	.debug_frame
   5              		.align	2
   6              		.global	ISR_UART1
   8              	ISR_UART1:
   9              	.LFB0:
  10              		.file 1 "../Library/uart/uart1ISR.c"
   1:../Library/uart/uart1ISR.c **** /*
   2:../Library/uart/uart1ISR.c **** 	UART1
   3:../Library/uart/uart1ISR.c **** 	Interrupt Service Routine
   4:../Library/uart/uart1ISR.c **** 	
   5:../Library/uart/uart1ISR.c **** 	Alerts the main program when an interrupt is triggered on UART1
   6:../Library/uart/uart1ISR.c **** 	
   7:../Library/uart/uart1ISR.c **** 	Written by Ryan Owens
   8:../Library/uart/uart1ISR.c **** 	9/27/10
   9:../Library/uart/uart1ISR.c **** 	
  10:../Library/uart/uart1ISR.c **** */
  11:../Library/uart/uart1ISR.c **** #include "LPC214x.h"
  12:../Library/uart/uart1ISR.c **** #include "uart1ISR.h"
  13:../Library/uart/uart1ISR.c **** 
  14:../Library/uart/uart1ISR.c **** char uart1Message[146];
  15:../Library/uart/uart1ISR.c **** int mindex=0;
  16:../Library/uart/uart1ISR.c **** int secondrow=0;
  17:../Library/uart/uart1ISR.c **** char uart1MessageComplete=0;
  18:../Library/uart/uart1ISR.c **** 
  19:../Library/uart/uart1ISR.c **** void ISR_UART1(void)
  20:../Library/uart/uart1ISR.c **** {
  11              		.loc 1 20 0
  12              		.cfi_startproc
  13              		@ Function supports interworking.
  14              		@ args = 0, pretend = 0, frame = 0
  15              		@ frame_needed = 0, uses_anonymous_args = 0
  16              		@ link register save eliminated.
  21:../Library/uart/uart1ISR.c **** 	char val = (char)U1RBR;
  17              		.loc 1 21 0
  18 0000 84309FE5 		ldr	r3, .L5
  19 0004 002093E5 		ldr	r2, [r3, #0]
  20 0008 FF2002E2 		and	r2, r2, #255
  21              	.LVL0:
  22:../Library/uart/uart1ISR.c **** 	
  23:../Library/uart/uart1ISR.c **** 	if(val=='\r'){ 	
  22              		.loc 1 23 0
  23 000c 0D0052E3 		cmp	r2, #13
  24 0010 78309FE5 		ldr	r3, .L5+4
  25 0014 0F00001A 		bne	.L2
  24:../Library/uart/uart1ISR.c **** 		uart1Message[mindex++]='\n';
  25:../Library/uart/uart1ISR.c **** 		if(secondrow==1){
  26              		.loc 1 25 0
  27 0018 041093E5 		ldr	r1, [r3, #4]
  24:../Library/uart/uart1ISR.c **** 		uart1Message[mindex++]='\n';
  28              		.loc 1 24 0
  29 001c 000093E5 		ldr	r0, [r3, #0]
  30 0020 6CC09FE5 		ldr	ip, .L5+8
  31 0024 0A20A0E3 		mov	r2, #10
  32              	.LVL1:
  33              		.loc 1 25 0
  34 0028 010051E3 		cmp	r1, #1
  24:../Library/uart/uart1ISR.c **** 		uart1Message[mindex++]='\n';
  35              		.loc 1 24 0
  36 002c 0020CCE7 		strb	r2, [ip, r0]
  26:../Library/uart/uart1ISR.c **** 			uart1Message[mindex++]='\0';
  37              		.loc 1 26 0
  38 0030 0020A003 		moveq	r2, #0
  24:../Library/uart/uart1ISR.c **** 		uart1Message[mindex++]='\n';
  39              		.loc 1 24 0
  40 0034 010080E2 		add	r0, r0, #1
  27:../Library/uart/uart1ISR.c **** 			mindex=0;
  28:../Library/uart/uart1ISR.c **** 			secondrow=0;
  29:../Library/uart/uart1ISR.c **** 			uart1MessageComplete=1;
  30:../Library/uart/uart1ISR.c **** 		}else{
  31:../Library/uart/uart1ISR.c **** 			secondrow=1;
  41              		.loc 1 31 0
  42 0038 0120A013 		movne	r2, #1
  24:../Library/uart/uart1ISR.c **** 		uart1Message[mindex++]='\n';
  43              		.loc 1 24 0
  44 003c 000083E5 		str	r0, [r3, #0]
  26:../Library/uart/uart1ISR.c **** 			uart1Message[mindex++]='\0';
  45              		.loc 1 26 0
  46 0040 0020CC07 		streqb	r2, [ip, r0]
  27:../Library/uart/uart1ISR.c **** 			mindex=0;
  47              		.loc 1 27 0
  48 0044 00208305 		streq	r2, [r3, #0]
  28:../Library/uart/uart1ISR.c **** 			secondrow=0;
  49              		.loc 1 28 0
  50 0048 04208305 		streq	r2, [r3, #4]
  29:../Library/uart/uart1ISR.c **** 			uart1MessageComplete=1;
  51              		.loc 1 29 0
  52 004c 0810C305 		streqb	r1, [r3, #8]
  53              		.loc 1 31 0
  54 0050 04208315 		strne	r2, [r3, #4]
  55 0054 080000EA 		b	.L4
  56              	.LVL2:
  57              	.L2:
  32:../Library/uart/uart1ISR.c **** 		}
  33:../Library/uart/uart1ISR.c **** 	}
  34:../Library/uart/uart1ISR.c **** 	else if(uart1MessageComplete==0){
  58              		.loc 1 34 0
  59 0058 0810D3E5 		ldrb	r1, [r3, #8]	@ zero_extendqisi2
  60 005c 000051E3 		cmp	r1, #0
  61 0060 0500001A 		bne	.L4
  35:../Library/uart/uart1ISR.c **** 		if(val != '\n')uart1Message[mindex++]=val;
  62              		.loc 1 35 0
  63 0064 0A0052E3 		cmp	r2, #10
  64 0068 00109315 		ldrne	r1, [r3, #0]
  65 006c 20009F15 		ldrne	r0, .L5+8
  66 0070 0120C017 		strneb	r2, [r0, r1]
  67 0074 01108112 		addne	r1, r1, #1
  68 0078 00108315 		strne	r1, [r3, #0]
  69              	.LVL3:
  70              	.L4:
  36:../Library/uart/uart1ISR.c **** 	}
  37:../Library/uart/uart1ISR.c **** 	
  38:../Library/uart/uart1ISR.c **** 	VICVectAddr =0;	//Update the VIC priorities
  71              		.loc 1 38 0
  72 007c 0020A0E3 		mov	r2, #0
  73 0080 0030E0E3 		mvn	r3, #0
  74 0084 CF2F03E5 		str	r2, [r3, #-4047]
  39:../Library/uart/uart1ISR.c **** }
  75              		.loc 1 39 0
  76 0088 1EFF2FE1 		bx	lr
  77              	.L6:
  78              		.align	2
  79              	.L5:
  80 008c 000001E0 		.word	-536805376
  81 0090 00000000 		.word	.LANCHOR0
  82 0094 00000000 		.word	uart1Message
  83              		.cfi_endproc
  84              	.LFE0:
  86              		.global	uart1MessageComplete
  87              		.global	secondrow
  88              		.global	mindex
  89              		.comm	uart1Message,146,1
  90              		.bss
  91              		.align	2
  92              		.set	.LANCHOR0,. + 0
  95              	mindex:
  96 0000 00000000 		.space	4
  99              	secondrow:
 100 0004 00000000 		.space	4
 103              	uart1MessageComplete:
 104 0008 00       		.space	1
 105 0009 000000   		.text
 106              	.Letext0:
 107              		.file 2 "../Library/uart/uart1ISR.h"
DEFINED SYMBOLS
                            *ABS*:0000000000000000 uart1ISR.c
/var/folders/vb/2fcwf0x52qn_fy1j7_hx1lpr0000gn/T//ccCX7UAZ.s:5      .text:0000000000000000 $a
/var/folders/vb/2fcwf0x52qn_fy1j7_hx1lpr0000gn/T//ccCX7UAZ.s:8      .text:0000000000000000 ISR_UART1
/var/folders/vb/2fcwf0x52qn_fy1j7_hx1lpr0000gn/T//ccCX7UAZ.s:80     .text:000000000000008c $d
                            *COM*:0000000000000092 uart1Message
/var/folders/vb/2fcwf0x52qn_fy1j7_hx1lpr0000gn/T//ccCX7UAZ.s:103    .bss:0000000000000008 uart1MessageComplete
/var/folders/vb/2fcwf0x52qn_fy1j7_hx1lpr0000gn/T//ccCX7UAZ.s:99     .bss:0000000000000004 secondrow
/var/folders/vb/2fcwf0x52qn_fy1j7_hx1lpr0000gn/T//ccCX7UAZ.s:95     .bss:0000000000000000 mindex
/var/folders/vb/2fcwf0x52qn_fy1j7_hx1lpr0000gn/T//ccCX7UAZ.s:91     .bss:0000000000000000 $d
                     .debug_frame:0000000000000010 $d

NO UNDEFINED SYMBOLS
