   1              		.file	"uart0.c"
   2              		.text
   3              	.Ltext0:
   4              		.cfi_sections	.debug_frame
   5              		.align	2
   6              		.global	uart0RxInt
   8              	uart0RxInt:
   9              	.LFB0:
  10              		.file 1 "../Library/uart/uart0.c"
   1:../Library/uart/uart0.c **** /*
   2:../Library/uart/uart0.c **** 	Uart 0 Library
   3:../Library/uart/uart0.c **** 	(Actually only used to configure interrupts)
   4:../Library/uart/uart0.c **** 	Writtey by Ryan Owens
   5:../Library/uart/uart0.c **** 	11/16/10
   6:../Library/uart/uart0.c **** */
   7:../Library/uart/uart0.c **** #include "LPC214x.h"
   8:../Library/uart/uart0.c **** #include "uart0.h"
   9:../Library/uart/uart0.c **** 
  10:../Library/uart/uart0.c **** void uart0RxInt(char trigger_level)
  11:../Library/uart/uart0.c **** {
  11              		.loc 1 11 0
  12              		.cfi_startproc
  13              		@ Function supports interworking.
  14              		@ args = 0, pretend = 0, frame = 0
  15              		@ frame_needed = 0, uses_anonymous_args = 0
  16              		@ link register save eliminated.
  17              	.LVL0:
  12:../Library/uart/uart0.c **** 	char level_setting = (trigger_level << 6);
  13:../Library/uart/uart0.c **** 	U0IER = (1<<0);	//Enable FIFO on UART with RDA interrupt (Receive Data Available)
  18              		.loc 1 13 0
  19 0000 28309FE5 		ldr	r3, .L2
  20 0004 0120A0E3 		mov	r2, #1
  21 0008 042083E5 		str	r2, [r3, #4]
  14:../Library/uart/uart0.c **** 	U0FCR &= (U0FCR & 0x3F) | level_setting;	//Set the trigger level for the Rx interrupt
  22              		.loc 1 14 0
  23 000c 081093E5 		ldr	r1, [r3, #8]
  24 0010 082093E5 		ldr	r2, [r3, #8]
  11:../Library/uart/uart0.c **** {
  25              		.loc 1 11 0
  26 0014 0003A0E1 		mov	r0, r0, asl #6
  27              	.LVL1:
  28              		.loc 1 14 0
  29 0018 C00000E2 		and	r0, r0, #192
  30 001c 3F2002E2 		and	r2, r2, #63
  31 0020 022080E1 		orr	r2, r0, r2
  32 0024 012002E0 		and	r2, r2, r1
  33 0028 082083E5 		str	r2, [r3, #8]
  15:../Library/uart/uart0.c **** }
  34              		.loc 1 15 0
  35 002c 1EFF2FE1 		bx	lr
  36              	.L3:
  37              		.align	2
  38              	.L2:
  39 0030 00C000E0 		.word	-536821760
  40              		.cfi_endproc
  41              	.LFE0:
  43              	.Letext0:
DEFINED SYMBOLS
                            *ABS*:0000000000000000 uart0.c
/var/folders/vb/2fcwf0x52qn_fy1j7_hx1lpr0000gn/T//ccvu82K9.s:5      .text:0000000000000000 $a
/var/folders/vb/2fcwf0x52qn_fy1j7_hx1lpr0000gn/T//ccvu82K9.s:8      .text:0000000000000000 uart0RxInt
/var/folders/vb/2fcwf0x52qn_fy1j7_hx1lpr0000gn/T//ccvu82K9.s:39     .text:0000000000000030 $d
                     .debug_frame:0000000000000010 $d

NO UNDEFINED SYMBOLS
