   1              		.file	"uart0ISR.c"
   2              		.text
   3              	.Ltext0:
   4              		.cfi_sections	.debug_frame
   5              		.align	2
   6              		.global	ISR_UART0
   8              	ISR_UART0:
   9              	.LFB0:
  10              		.file 1 "../Library/uart/uart0ISR.c"
   1:../Library/uart/uart0ISR.c **** /*
   2:../Library/uart/uart0ISR.c **** 	UART1
   3:../Library/uart/uart0ISR.c **** 	Interrupt Service Routine
   4:../Library/uart/uart0ISR.c **** 	
   5:../Library/uart/uart0ISR.c **** 	Alerts the main program when an interrupt is triggered on UART1
   6:../Library/uart/uart0ISR.c **** 	
   7:../Library/uart/uart0ISR.c **** 	Written by Ryan Owens
   8:../Library/uart/uart0ISR.c **** 	9/27/10
   9:../Library/uart/uart0ISR.c **** 	
  10:../Library/uart/uart0ISR.c **** */
  11:../Library/uart/uart0ISR.c **** #include "LPC214x.h"
  12:../Library/uart/uart0ISR.c **** #include "uart0ISR.h"
  13:../Library/uart/uart0ISR.c **** 
  14:../Library/uart/uart0ISR.c **** char uart0Message[75];
  15:../Library/uart/uart0ISR.c **** int m0index=0;
  16:../Library/uart/uart0ISR.c **** char uart0MessageComplete=0;
  17:../Library/uart/uart0ISR.c **** 
  18:../Library/uart/uart0ISR.c **** void ISR_UART0(void)
  19:../Library/uart/uart0ISR.c **** {
  11              		.loc 1 19 0
  12              		.cfi_startproc
  13              		@ Function supports interworking.
  14              		@ args = 0, pretend = 0, frame = 0
  15              		@ frame_needed = 0, uses_anonymous_args = 0
  16              		@ link register save eliminated.
  20:../Library/uart/uart0ISR.c **** 	char val = (char)U0RBR;
  17              		.loc 1 20 0
  18 0000 64309FE5 		ldr	r3, .L4
  19 0004 002093E5 		ldr	r2, [r3, #0]
  20 0008 FF2002E2 		and	r2, r2, #255
  21              	.LVL0:
  21:../Library/uart/uart0ISR.c **** 	
  22:../Library/uart/uart0ISR.c **** 	if(val=='\r'){ 	
  22              		.loc 1 22 0
  23 000c 0D0052E3 		cmp	r2, #13
  24 0010 58309FE5 		ldr	r3, .L4+4
  25 0014 0700001A 		bne	.L2
  23:../Library/uart/uart0ISR.c **** 		uart0Message[m0index++]='\0';
  26              		.loc 1 23 0
  27 0018 001093E5 		ldr	r1, [r3, #0]
  28 001c 50009FE5 		ldr	r0, .L4+8
  29 0020 0020A0E3 		mov	r2, #0
  30              	.LVL1:
  31 0024 0120C0E7 		strb	r2, [r0, r1]
  24:../Library/uart/uart0ISR.c **** 		m0index=0;
  32              		.loc 1 24 0
  33 0028 002083E5 		str	r2, [r3, #0]
  25:../Library/uart/uart0ISR.c **** 		uart0MessageComplete=1;
  34              		.loc 1 25 0
  35 002c 0120A0E3 		mov	r2, #1
  36 0030 0420C3E5 		strb	r2, [r3, #4]
  37 0034 080000EA 		b	.L3
  38              	.LVL2:
  39              	.L2:
  26:../Library/uart/uart0ISR.c **** 	}
  27:../Library/uart/uart0ISR.c **** 	else if(uart0MessageComplete==0){
  40              		.loc 1 27 0
  41 0038 0410D3E5 		ldrb	r1, [r3, #4]	@ zero_extendqisi2
  42 003c 000051E3 		cmp	r1, #0
  43 0040 0500001A 		bne	.L3
  28:../Library/uart/uart0ISR.c **** 		if(val != '\n')uart0Message[m0index++]=val;
  44              		.loc 1 28 0
  45 0044 0A0052E3 		cmp	r2, #10
  46 0048 00109315 		ldrne	r1, [r3, #0]
  47 004c 20009F15 		ldrne	r0, .L4+8
  48 0050 0120C017 		strneb	r2, [r0, r1]
  49 0054 01108112 		addne	r1, r1, #1
  50 0058 00108315 		strne	r1, [r3, #0]
  51              	.LVL3:
  52              	.L3:
  29:../Library/uart/uart0ISR.c **** 	}
  30:../Library/uart/uart0ISR.c **** 	
  31:../Library/uart/uart0ISR.c **** 	VICVectAddr =0;	//Update the VIC priorities
  53              		.loc 1 31 0
  54 005c 0020A0E3 		mov	r2, #0
  55 0060 0030E0E3 		mvn	r3, #0
  56 0064 CF2F03E5 		str	r2, [r3, #-4047]
  32:../Library/uart/uart0ISR.c **** }
  57              		.loc 1 32 0
  58 0068 1EFF2FE1 		bx	lr
  59              	.L5:
  60              		.align	2
  61              	.L4:
  62 006c 00C000E0 		.word	-536821760
  63 0070 00000000 		.word	.LANCHOR0
  64 0074 00000000 		.word	uart0Message
  65              		.cfi_endproc
  66              	.LFE0:
  68              		.global	uart0MessageComplete
  69              		.global	m0index
  70              		.comm	uart0Message,75,1
  71              		.bss
  72              		.align	2
  73              		.set	.LANCHOR0,. + 0
  76              	m0index:
  77 0000 00000000 		.space	4
  80              	uart0MessageComplete:
  81 0004 00       		.space	1
  82 0005 000000   		.text
  83              	.Letext0:
  84              		.file 2 "../Library/uart/uart0ISR.h"
DEFINED SYMBOLS
                            *ABS*:0000000000000000 uart0ISR.c
/var/folders/vb/2fcwf0x52qn_fy1j7_hx1lpr0000gn/T//cctlUBuv.s:5      .text:0000000000000000 $a
/var/folders/vb/2fcwf0x52qn_fy1j7_hx1lpr0000gn/T//cctlUBuv.s:8      .text:0000000000000000 ISR_UART0
/var/folders/vb/2fcwf0x52qn_fy1j7_hx1lpr0000gn/T//cctlUBuv.s:62     .text:000000000000006c $d
                            *COM*:000000000000004b uart0Message
/var/folders/vb/2fcwf0x52qn_fy1j7_hx1lpr0000gn/T//cctlUBuv.s:80     .bss:0000000000000004 uart0MessageComplete
/var/folders/vb/2fcwf0x52qn_fy1j7_hx1lpr0000gn/T//cctlUBuv.s:76     .bss:0000000000000000 m0index
/var/folders/vb/2fcwf0x52qn_fy1j7_hx1lpr0000gn/T//cctlUBuv.s:72     .bss:0000000000000000 $d
                     .debug_frame:0000000000000010 $d

NO UNDEFINED SYMBOLS
