   1              		.file	"timer0ISR.c"
   2              		.text
   3              	.Ltext0:
   4              		.cfi_sections	.debug_frame
   5              		.align	2
   6              		.global	ISR_Timer0
   8              	ISR_Timer0:
   9              	.LFB0:
  10              		.file 1 "../Library/timer/timer0ISR.c"
   1:../Library/timer/timer0ISR.c **** /*
   2:../Library/timer/timer0ISR.c **** Timer 0 Interrupt Service Routine
   3:../Library/timer/timer0ISR.c **** Written by Ryan Owens
   4:../Library/timer/timer0ISR.c **** 9/27/10
   5:../Library/timer/timer0ISR.c **** */
   6:../Library/timer/timer0ISR.c **** 
   7:../Library/timer/timer0ISR.c **** //TODO: Add sensor header files to allow for updated the classes
   8:../Library/timer/timer0ISR.c **** 
   9:../Library/timer/timer0ISR.c **** #include "LPC214x.h"
  10:../Library/timer/timer0ISR.c **** #include "timer0ISR.h"
  11:../Library/timer/timer0ISR.c **** 
  12:../Library/timer/timer0ISR.c **** char timer0IntFlag=0;
  13:../Library/timer/timer0ISR.c **** long int ms=0;
  14:../Library/timer/timer0ISR.c **** 
  15:../Library/timer/timer0ISR.c **** //Usage: None (Automatically Called by FW)
  16:../Library/timer/timer0ISR.c **** //Inputs: None
  17:../Library/timer/timer0ISR.c **** //This function is a global interrupt called by a match on the Timer 0 match.  
  18:../Library/timer/timer0ISR.c **** void ISR_Timer0(void)
  19:../Library/timer/timer0ISR.c **** {
  11              		.loc 1 19 0
  12              		.cfi_startproc
  13              		@ Function supports interworking.
  14              		@ args = 0, pretend = 0, frame = 0
  15              		@ frame_needed = 0, uses_anonymous_args = 0
  16              		@ link register save eliminated.
  20:../Library/timer/timer0ISR.c **** 	//Interrupt Code Here
  21:../Library/timer/timer0ISR.c **** 	timer0IntFlag+=1;
  17              		.loc 1 21 0
  18 0000 30309FE5 		ldr	r3, .L2
  19 0004 0020D3E5 		ldrb	r2, [r3, #0]	@ zero_extendqisi2
  20 0008 012082E2 		add	r2, r2, #1
  21 000c 0020C3E5 		strb	r2, [r3, #0]
  22:../Library/timer/timer0ISR.c **** 	
  23:../Library/timer/timer0ISR.c **** 	//Keep track of the number of milliseconds
  24:../Library/timer/timer0ISR.c **** 	ms++;
  22              		.loc 1 24 0
  23 0010 042093E5 		ldr	r2, [r3, #4]
  24 0014 012082E2 		add	r2, r2, #1
  25 0018 042083E5 		str	r2, [r3, #4]
  25:../Library/timer/timer0ISR.c **** 	
  26:../Library/timer/timer0ISR.c **** 	//Clear the interrupt and update the VIC priority
  27:../Library/timer/timer0ISR.c **** 	T0IR = 0xFF;
  26              		.loc 1 27 0
  27 001c 18309FE5 		ldr	r3, .L2+4
  28 0020 FF20A0E3 		mov	r2, #255
  29 0024 002083E5 		str	r2, [r3, #0]
  28:../Library/timer/timer0ISR.c **** 	VICVectAddr =0;						
  30              		.loc 1 28 0
  31 0028 0020A0E3 		mov	r2, #0
  32 002c 0030E0E3 		mvn	r3, #0
  33 0030 CF2F03E5 		str	r2, [r3, #-4047]
  29:../Library/timer/timer0ISR.c **** }
  34              		.loc 1 29 0
  35 0034 1EFF2FE1 		bx	lr
  36              	.L3:
  37              		.align	2
  38              	.L2:
  39 0038 00000000 		.word	.LANCHOR0
  40 003c 004000E0 		.word	-536854528
  41              		.cfi_endproc
  42              	.LFE0:
  44              		.align	2
  45              		.global	millis
  47              	millis:
  48              	.LFB1:
  30:../Library/timer/timer0ISR.c **** 
  31:../Library/timer/timer0ISR.c **** long int millis(void)
  32:../Library/timer/timer0ISR.c **** {
  49              		.loc 1 32 0
  50              		.cfi_startproc
  51              		@ Function supports interworking.
  52              		@ args = 0, pretend = 0, frame = 0
  53              		@ frame_needed = 0, uses_anonymous_args = 0
  54              		@ link register save eliminated.
  33:../Library/timer/timer0ISR.c **** 	return ms;
  34:../Library/timer/timer0ISR.c **** }
  55              		.loc 1 34 0
  56 0040 04309FE5 		ldr	r3, .L5
  57 0044 040093E5 		ldr	r0, [r3, #4]
  58 0048 1EFF2FE1 		bx	lr
  59              	.L6:
  60              		.align	2
  61              	.L5:
  62 004c 00000000 		.word	.LANCHOR0
  63              		.cfi_endproc
  64              	.LFE1:
  66              		.global	ms
  67              		.global	timer0IntFlag
  68              		.bss
  69              		.align	2
  70              		.set	.LANCHOR0,. + 0
  73              	timer0IntFlag:
  74 0000 00       		.space	1
  75 0001 000000   		.space	3
  78              	ms:
  79 0004 00000000 		.space	4
  80              		.text
  81              	.Letext0:
  82              		.file 2 "../Library/timer/timer0ISR.h"
DEFINED SYMBOLS
                            *ABS*:0000000000000000 timer0ISR.c
/var/folders/vb/2fcwf0x52qn_fy1j7_hx1lpr0000gn/T//ccnY2Qkf.s:5      .text:0000000000000000 $a
/var/folders/vb/2fcwf0x52qn_fy1j7_hx1lpr0000gn/T//ccnY2Qkf.s:8      .text:0000000000000000 ISR_Timer0
/var/folders/vb/2fcwf0x52qn_fy1j7_hx1lpr0000gn/T//ccnY2Qkf.s:39     .text:0000000000000038 $d
/var/folders/vb/2fcwf0x52qn_fy1j7_hx1lpr0000gn/T//ccnY2Qkf.s:44     .text:0000000000000040 $a
/var/folders/vb/2fcwf0x52qn_fy1j7_hx1lpr0000gn/T//ccnY2Qkf.s:47     .text:0000000000000040 millis
/var/folders/vb/2fcwf0x52qn_fy1j7_hx1lpr0000gn/T//ccnY2Qkf.s:62     .text:000000000000004c $d
/var/folders/vb/2fcwf0x52qn_fy1j7_hx1lpr0000gn/T//ccnY2Qkf.s:78     .bss:0000000000000004 ms
/var/folders/vb/2fcwf0x52qn_fy1j7_hx1lpr0000gn/T//ccnY2Qkf.s:73     .bss:0000000000000000 timer0IntFlag
/var/folders/vb/2fcwf0x52qn_fy1j7_hx1lpr0000gn/T//ccnY2Qkf.s:69     .bss:0000000000000000 $d
                     .debug_frame:0000000000000010 $d

NO UNDEFINED SYMBOLS
