   1              		.file	"timer1ISR.c"
   2              		.text
   3              	.Ltext0:
   4              		.cfi_sections	.debug_frame
   5              		.align	2
   6              		.global	ISR_Timer1
   8              	ISR_Timer1:
   9              	.LFB0:
  10              		.file 1 "../Library/timer/timer1ISR.c"
   1:../Library/timer/timer1ISR.c **** /*
   2:../Library/timer/timer1ISR.c **** Timer 0 Interrupt Service Routine
   3:../Library/timer/timer1ISR.c **** Written by Ryan Owens
   4:../Library/timer/timer1ISR.c **** 9/27/10
   5:../Library/timer/timer1ISR.c **** */
   6:../Library/timer/timer1ISR.c **** 
   7:../Library/timer/timer1ISR.c **** //TODO: Add sensor header files to allow for updated the classes
   8:../Library/timer/timer1ISR.c **** 
   9:../Library/timer/timer1ISR.c **** #include "LPC214x.h"
  10:../Library/timer/timer1ISR.c **** #include "timer1ISR.h"
  11:../Library/timer/timer1ISR.c **** 
  12:../Library/timer/timer1ISR.c **** char timer1IntFlag=0;
  13:../Library/timer/timer1ISR.c **** 
  14:../Library/timer/timer1ISR.c **** //Usage: None (Automatically Called by FW)
  15:../Library/timer/timer1ISR.c **** //Inputs: None
  16:../Library/timer/timer1ISR.c **** //This function is a global interrupt called by a match on the Timer 0 match.  
  17:../Library/timer/timer1ISR.c **** void ISR_Timer1(void)
  18:../Library/timer/timer1ISR.c **** {
  11              		.loc 1 18 0
  12              		.cfi_startproc
  13              		@ Function supports interworking.
  14              		@ args = 0, pretend = 0, frame = 0
  15              		@ frame_needed = 0, uses_anonymous_args = 0
  16              		@ link register save eliminated.
  19:../Library/timer/timer1ISR.c **** 	//Interrupt Code Here
  20:../Library/timer/timer1ISR.c **** 	timer1IntFlag=1;	
  17              		.loc 1 20 0
  18 0000 20309FE5 		ldr	r3, .L2
  19 0004 0120A0E3 		mov	r2, #1
  20 0008 0020C3E5 		strb	r2, [r3, #0]
  21:../Library/timer/timer1ISR.c **** 	
  22:../Library/timer/timer1ISR.c **** 	//Clear the interrupt and update the VIC priority
  23:../Library/timer/timer1ISR.c **** 	T1IR = 0xFF;
  21              		.loc 1 23 0
  22 000c 18309FE5 		ldr	r3, .L2+4
  23 0010 FF20A0E3 		mov	r2, #255
  24 0014 002083E5 		str	r2, [r3, #0]
  24:../Library/timer/timer1ISR.c **** 	VICVectAddr =0;						
  25              		.loc 1 24 0
  26 0018 0020A0E3 		mov	r2, #0
  27 001c 0030E0E3 		mvn	r3, #0
  28 0020 CF2F03E5 		str	r2, [r3, #-4047]
  25:../Library/timer/timer1ISR.c **** }
  29              		.loc 1 25 0
  30 0024 1EFF2FE1 		bx	lr
  31              	.L3:
  32              		.align	2
  33              	.L2:
  34 0028 00000000 		.word	.LANCHOR0
  35 002c 008000E0 		.word	-536838144
  36              		.cfi_endproc
  37              	.LFE0:
  39              		.global	timer1IntFlag
  40              		.bss
  41              		.set	.LANCHOR0,. + 0
  44              	timer1IntFlag:
  45 0000 00       		.space	1
  46              		.text
  47              	.Letext0:
  48              		.file 2 "../Library/timer/timer1ISR.h"
DEFINED SYMBOLS
                            *ABS*:0000000000000000 timer1ISR.c
/var/folders/vb/2fcwf0x52qn_fy1j7_hx1lpr0000gn/T//cc5b2O21.s:5      .text:0000000000000000 $a
/var/folders/vb/2fcwf0x52qn_fy1j7_hx1lpr0000gn/T//cc5b2O21.s:8      .text:0000000000000000 ISR_Timer1
/var/folders/vb/2fcwf0x52qn_fy1j7_hx1lpr0000gn/T//cc5b2O21.s:34     .text:0000000000000028 $d
/var/folders/vb/2fcwf0x52qn_fy1j7_hx1lpr0000gn/T//cc5b2O21.s:44     .bss:0000000000000000 timer1IntFlag
/var/folders/vb/2fcwf0x52qn_fy1j7_hx1lpr0000gn/T//cc5b2O21.s:45     .bss:0000000000000000 $d
                     .debug_frame:0000000000000010 $d

NO UNDEFINED SYMBOLS
